This is pdfTeX, Version 3.1415926-1.40.10 (MiKTeX 2.8) (preloaded format=latex 2010.11.1)  1 NOV 2010 22:50
entering extended mode
**ijcai09

("C:\Documents and Settings\Jack Taekyu Shin\Desktop\Color Research\Computation
al Photography Proposal\Annotated Bibliography\ijcai09.tex"
LaTeX2e <2009/09/24>
Babel <v3.8l> and hyphenation patterns for english, dumylang, nohyphenation, ge
rman, ngerman, german-x-2009-06-19, ngerman-x-2009-06-19, french, loaded.
IJCAI-09 Instructions for Authors
("C:\Program Files\MiKTeX 2.8\tex\latex\base\article.cls"
Document Class: article 2007/10/19 v1.4h Standard LaTeX document class
("C:\Program Files\MiKTeX 2.8\tex\latex\base\size10.clo"
File: size10.clo 2007/10/19 v1.4h Standard LaTeX file (size option)
)
\c@part=\count79
\c@section=\count80
\c@subsection=\count81
\c@subsubsection=\count82
\c@paragraph=\count83
\c@subparagraph=\count84
\c@figure=\count85
\c@table=\count86
\abovecaptionskip=\skip41
\belowcaptionskip=\skip42
\bibindent=\dimen102
)
("C:\Documents and Settings\Jack Taekyu Shin\Desktop\Color Research\Computation
al Photography Proposal\Annotated Bibliography\ijcai09.sty"
Conference Style, version of 6 September 1995 (revised Nov 2000)
\titlebox=\skip43
Named Citation Style, version of 30 November 1994
) ("C:\Program Files\MiKTeX 2.8\tex\latex\psnfss\times.sty"
Package: times 2005/04/12 PSNFSS-v9.2a (SPQR) 
)
("C:\Documents and Settings\Jack Taekyu Shin\Desktop\Color Research\Computation
al Photography Proposal\Annotated Bibliography\ijcai09.aux")
LaTeX Font Info:    Checking defaults for OML/cmm/m/it on input line 45.
LaTeX Font Info:    ... okay on input line 45.
LaTeX Font Info:    Checking defaults for T1/cmr/m/n on input line 45.
LaTeX Font Info:    ... okay on input line 45.
LaTeX Font Info:    Checking defaults for OT1/cmr/m/n on input line 45.
LaTeX Font Info:    ... okay on input line 45.
LaTeX Font Info:    Checking defaults for OMS/cmsy/m/n on input line 45.
LaTeX Font Info:    ... okay on input line 45.
LaTeX Font Info:    Checking defaults for OMX/cmex/m/n on input line 45.
LaTeX Font Info:    ... okay on input line 45.
LaTeX Font Info:    Checking defaults for U/cmr/m/n on input line 45.
LaTeX Font Info:    ... okay on input line 45.
LaTeX Font Info:    Try loading font information for OT1+ptm on input line 45.

("C:\Program Files\MiKTeX 2.8\tex\latex\psnfss\ot1ptm.fd"
File: ot1ptm.fd 2001/06/04 font definitions for OT1/ptm.
)
LaTeX Font Info:    Font shape `OT1/ptm/bx/n' in size <14.4> not available
(Font)              Font shape `OT1/ptm/b/n' tried instead on input line 47.
LaTeX Font Info:    External font `cmex10' loaded for size
(Font)              <12> on input line 47.
LaTeX Font Info:    External font `cmex10' loaded for size
(Font)              <8> on input line 47.
LaTeX Font Info:    External font `cmex10' loaded for size
(Font)              <6> on input line 47.
LaTeX Font Info:    Font shape `OT1/ptm/bx/n' in size <12> not available
(Font)              Font shape `OT1/ptm/b/n' tried instead on input line 47.
LaTeX Font Info:    External font `cmex10' loaded for size
(Font)              <7> on input line 62.
LaTeX Font Info:    External font `cmex10' loaded for size
(Font)              <5> on input line 62.

Underfull \hbox (badness 1803) in paragraph at lines 56--69
\OT1/ptm/m/n/10 as-pects to en-sure the ap-pro-pri-ate con-tain-ment of color
 []


Underfull \hbox (badness 3930) in paragraph at lines 56--69
\OT1/ptm/m/n/10 dis-crim-i-nal-ity, re-mov-ing dis-tor-tion of grey-val-ues fro
m
 []


Underfull \hbox (badness 1515) in paragraph at lines 56--69
\OT1/ptm/m/n/10 in grayscale im-ages and dis-play psy-cho-log-i-cally de-cent
 []


Underfull \hbox (badness 1127) in paragraph at lines 56--69
\OT1/ptm/m/n/10 chromi-nance dif-fer-ence may not be very ac-cu-rate since
 []


Underfull \hbox (badness 1496) in paragraph at lines 56--69
\OT1/ptm/m/n/10 color con-ver-sion with-out ad-hoc lo-cal map-ping and use
 []


Underfull \hbox (badness 1681) in paragraph at lines 56--69
\OT1/ptm/m/n/10 a color-distribution-based color ad-just-ment. Also, this
 []


Underfull \hbox (badness 1521) in paragraph at lines 56--69
\OMS/cmsy/m/n/10 $ \OT1/ptm/m/n/10 Sat-u-ra-tion Or-der-ing(Using User Vari-ab
le) : When a
 []


Underfull \hbox (badness 10000) in paragraph at lines 56--69

 []


Underfull \vbox (badness 10000) has occurred while \output is active []

 [1



]
LaTeX Font Info:    External font `cmex10' loaded for size
(Font)              <9> on input line 74.

Underfull \hbox (badness 10000) in paragraph at lines 72--76

 []

[2

]
("C:\Documents and Settings\Jack Taekyu Shin\Desktop\Color Research\Computation
al Photography Proposal\Annotated Bibliography\ijcai09.aux") ) 
Here is how much of TeX's memory you used:
 316 strings out of 495286
 4598 string characters out of 3180279
 60427 words of memory out of 3000000
 3579 multiletter control sequences out of 15000+200000
 11916 words of font info for 35 fonts, out of 3000000 for 9000
 14 hyphenation exceptions out of 8191
 23i,10n,17p,1597b,244s stack positions out of 5000i,500n,10000p,200000b,50000s

Output written on ijcai09.dvi (2 pages, 9432 bytes).
